{"level":"error","message":"ROUTE: /api/docs/ - METHOD: GET"}
{"level":"error","message":"ROUTE: /api/docs/swagger-ui-standalone-preset.js - METHOD: GET"}
{"level":"error","message":"ROUTE: /api/docs/swagger-ui-init.js - METHOD: GET"}
{"level":"error","message":"ROUTE: /api/docs/swagger-ui.css - METHOD: GET"}
{"level":"error","message":"ROUTE: /api/docs/swagger-ui-bundle.js - METHOD: GET"}
{"level":"error","message":"ROUTE: /api/docs/favicon-32x32.png - METHOD: GET"}
{"level":"error","message":"ROUTE: /api/docs/favicon-32x32.png - METHOD: GET"}
{"level":"error","message":"ROUTE: /documentation - METHOD: GET"}
{"level":"error","message":"ROUTE: /documentation/ - METHOD: GET"}
{"level":"error","message":"ROUTE: /documentation/swagger-ui.css - METHOD: GET"}
{"level":"error","message":"ROUTE: /documentation/swagger-ui-init.js - METHOD: GET"}
{"level":"error","message":"ROUTE: /documentation/swagger-ui-standalone-preset.js - METHOD: GET"}
{"level":"error","message":"ROUTE: /documentation/swagger-ui-bundle.js - METHOD: GET"}
{"level":"error","message":"ROUTE: /documentation/favicon-32x32.png - METHOD: GET"}
{"level":"error","message":"ROUTE: /documentation/favicon-32x32.png - METHOD: GET"}
{"level":"error","message":"ROUTE: /documentation/ - METHOD: GET"}
{"level":"error","message":"ROUTE: /documentation/swagger-ui.css - METHOD: GET"}
{"level":"error","message":"ROUTE: /documentation/swagger-ui-init.js - METHOD: GET"}
{"level":"error","message":"ROUTE: /documentation/swagger-ui-standalone-preset.js - METHOD: GET"}
{"level":"error","message":"ROUTE: /documentation/swagger-ui-bundle.js - METHOD: GET"}
{"level":"error","message":"ROUTE: /documentation/favicon-32x32.png - METHOD: GET"}
{"level":"error","message":"ROUTE: /documentation/favicon-32x32.png - METHOD: GET"}
{"level":"error","message":"ROUTE: /documentation/ - METHOD: GET"}
{"level":"error","message":"ROUTE: /documentation/swagger-ui.css - METHOD: GET"}
{"level":"error","message":"ROUTE: /documentation/swagger-ui-init.js - METHOD: GET"}
{"level":"error","message":"ROUTE: /documentation/swagger-ui-standalone-preset.js - METHOD: GET"}
{"level":"error","message":"ROUTE: /documentation/swagger-ui-bundle.js - METHOD: GET"}
{"level":"error","message":"ROUTE: /documentation/favicon-32x32.png - METHOD: GET"}
{"level":"error","message":"ROUTE: /documentation/favicon-32x32.png - METHOD: GET"}
{"level":"error","message":"ROUTE: /documentation/ - METHOD: GET"}
{"level":"error","message":"ROUTE: /documentation/swagger-ui.css - METHOD: GET"}
{"level":"error","message":"ROUTE: /documentation/swagger-ui-init.js - METHOD: GET"}
{"level":"error","message":"ROUTE: /documentation/swagger-ui-standalone-preset.js - METHOD: GET"}
{"level":"error","message":"ROUTE: /documentation/swagger-ui-bundle.js - METHOD: GET"}
{"level":"error","message":"ROUTE: /documentation/favicon-32x32.png - METHOD: GET"}
{"level":"error","message":"ROUTE: /documentation/favicon-32x32.png - METHOD: GET"}
{"level":"error","message":"ROUTE: /documentation/ - METHOD: GET"}
{"level":"error","message":"ROUTE: /documentation/swagger-ui.css - METHOD: GET"}
{"level":"error","message":"ROUTE: /documentation/swagger-ui-init.js - METHOD: GET"}
{"level":"error","message":"ROUTE: /documentation/swagger-ui-standalone-preset.js - METHOD: GET"}
{"level":"error","message":"ROUTE: /documentation/swagger-ui-bundle.js - METHOD: GET"}
{"level":"error","message":"ROUTE: /documentation/favicon-32x32.png - METHOD: GET"}
{"level":"error","message":"ROUTE: /documentation/favicon-32x32.png - METHOD: GET"}
{"level":"error","message":"ROUTE: /documentation/ - METHOD: GET"}
{"level":"error","message":"ROUTE: /documentation/swagger-ui.css - METHOD: GET"}
{"level":"error","message":"ROUTE: /documentation/swagger-ui-bundle.js - METHOD: GET"}
{"level":"error","message":"ROUTE: /documentation/swagger-ui-standalone-preset.js - METHOD: GET"}
{"level":"error","message":"ROUTE: /documentation/swagger-ui-init.js - METHOD: GET"}
{"level":"error","message":"ROUTE: /documentation/favicon-32x32.png - METHOD: GET"}
{"level":"error","message":"ROUTE: /documentation/favicon-32x32.png - METHOD: GET"}
{"level":"error","message":"ROUTE: /documentation/ - METHOD: GET"}
{"level":"error","message":"ROUTE: /documentation/swagger-ui-bundle.js - METHOD: GET"}
{"level":"error","message":"ROUTE: /documentation/swagger-ui-init.js - METHOD: GET"}
{"level":"error","message":"ROUTE: /documentation/swagger-ui-standalone-preset.js - METHOD: GET"}
{"level":"error","message":"ROUTE: /documentation/swagger-ui.css - METHOD: GET"}
{"level":"error","message":"ROUTE: /documentation/favicon-32x32.png - METHOD: GET"}
{"level":"error","message":"ROUTE: /documentation/favicon-32x32.png - METHOD: GET"}
{"level":"error","message":"ROUTE: /documentation/ - METHOD: GET"}
{"level":"error","message":"ROUTE: /documentation/swagger-ui.css - METHOD: GET"}
{"level":"error","message":"ROUTE: /documentation/swagger-ui-standalone-preset.js - METHOD: GET"}
{"level":"error","message":"ROUTE: /documentation/swagger-ui-bundle.js - METHOD: GET"}
{"level":"error","message":"ROUTE: /documentation/swagger-ui-init.js - METHOD: GET"}
{"level":"error","message":"ROUTE: /documentation/favicon-32x32.png - METHOD: GET"}
{"level":"error","message":"ROUTE: /documentation/favicon-32x32.png - METHOD: GET"}
{"level":"error","message":"ROUTE: /documentation/ - METHOD: GET"}
{"level":"error","message":"ROUTE: /documentation/swagger-ui.css - METHOD: GET"}
{"level":"error","message":"ROUTE: /documentation/swagger-ui-init.js - METHOD: GET"}
{"level":"error","message":"ROUTE: /documentation/swagger-ui-standalone-preset.js - METHOD: GET"}
{"level":"error","message":"ROUTE: /documentation/swagger-ui-bundle.js - METHOD: GET"}
{"level":"error","message":"ROUTE: /documentation/favicon-32x32.png - METHOD: GET"}
{"level":"error","message":"ROUTE: /documentation/favicon-32x32.png - METHOD: GET"}
{"level":"error","message":"ROUTE: /documentation/ - METHOD: GET"}
{"level":"error","message":"ROUTE: /documentation/swagger-ui.css - METHOD: GET"}
{"level":"error","message":"ROUTE: /documentation/swagger-ui-bundle.js - METHOD: GET"}
{"level":"error","message":"ROUTE: /documentation/swagger-ui-standalone-preset.js - METHOD: GET"}
{"level":"error","message":"ROUTE: /documentation/swagger-ui-init.js - METHOD: GET"}
{"level":"error","message":"ROUTE: /documentation/favicon-32x32.png - METHOD: GET"}
{"level":"error","message":"ROUTE: /documentation/favicon-32x32.png - METHOD: GET"}
{"level":"error","message":"ROUTE: /documentation/ - METHOD: GET"}
{"level":"error","message":"ROUTE: /documentation/swagger-ui.css - METHOD: GET"}
{"level":"error","message":"ROUTE: /documentation/swagger-ui-standalone-preset.js - METHOD: GET"}
{"level":"error","message":"ROUTE: /documentation/swagger-ui-init.js - METHOD: GET"}
{"level":"error","message":"ROUTE: /documentation/swagger-ui-bundle.js - METHOD: GET"}
{"level":"error","message":"ROUTE: /documentation/favicon-32x32.png - METHOD: GET"}
{"level":"error","message":"ROUTE: /documentation/favicon-32x32.png - METHOD: GET"}
{"level":"error","message":"ROUTE: /documentation/favicon-32x32.png - METHOD: GET"}
{"level":"error","message":"ROUTE: /api/docs/ - METHOD: GET"}
{"level":"error","message":"ROUTE: /documentation/ - METHOD: GET"}
{"level":"error","message":"ROUTE: /documentation/swagger-ui.css - METHOD: GET"}
{"level":"error","message":"ROUTE: /documentation/swagger-ui-init.js - METHOD: GET"}
{"level":"error","message":"ROUTE: /documentation/swagger-ui-bundle.js - METHOD: GET"}
{"level":"error","message":"ROUTE: /documentation/swagger-ui-standalone-preset.js - METHOD: GET"}
{"level":"error","message":"ROUTE: /documentation/favicon-32x32.png - METHOD: GET"}
{"level":"error","message":"ROUTE: /documentation/favicon-32x32.png - METHOD: GET"}
{"level":"error","message":"ROUTE: /documentation/ - METHOD: GET"}
{"level":"error","message":"ROUTE: /documentation/swagger-ui.css - METHOD: GET"}
{"level":"error","message":"ROUTE: /documentation/swagger-ui-bundle.js - METHOD: GET"}
{"level":"error","message":"ROUTE: /documentation/swagger-ui-standalone-preset.js - METHOD: GET"}
{"level":"error","message":"ROUTE: /documentation/swagger-ui-init.js - METHOD: GET"}
{"level":"error","message":"ROUTE: /documentation/favicon-32x32.png - METHOD: GET"}
{"level":"error","message":"ROUTE: /documentation/favicon-32x32.png - METHOD: GET"}
{"level":"error","message":"ROUTE: /favicon.ico - METHOD: GET"}
{"level":"error","message":"ROUTE: /documentation - METHOD: GET"}
{"level":"error","message":"ROUTE: /documentation/ - METHOD: GET"}
{"level":"error","message":"ROUTE: /documentation/swagger-ui.css - METHOD: GET"}
{"level":"error","message":"ROUTE: /documentation/swagger-ui-bundle.js - METHOD: GET"}
{"level":"error","message":"ROUTE: /documentation/swagger-ui-standalone-preset.js - METHOD: GET"}
{"level":"error","message":"ROUTE: /documentation/swagger-ui-init.js - METHOD: GET"}
{"level":"error","message":"ROUTE: /documentation/favicon-32x32.png - METHOD: GET"}
{"level":"error","message":"ROUTE: /documentation/favicon-32x32.png - METHOD: GET"}
{"level":"error","message":"ROUTE: /documentation/ - METHOD: GET"}
{"level":"error","message":"ROUTE: /documentation/swagger-ui.css - METHOD: GET"}
{"level":"error","message":"ROUTE: /documentation/swagger-ui-init.js - METHOD: GET"}
{"level":"error","message":"ROUTE: /documentation/swagger-ui-bundle.js - METHOD: GET"}
{"level":"error","message":"ROUTE: /documentation/swagger-ui-standalone-preset.js - METHOD: GET"}
{"level":"error","message":"ROUTE: /documentation/favicon-32x32.png - METHOD: GET"}
{"level":"error","message":"ROUTE: /documentation/favicon-32x32.png - METHOD: GET"}
{"level":"error","message":"ROUTE: /documentation/ - METHOD: GET"}
{"level":"error","message":"ROUTE: /documentation/swagger-ui.css - METHOD: GET"}
{"level":"error","message":"ROUTE: /documentation/swagger-ui-bundle.js - METHOD: GET"}
{"level":"error","message":"ROUTE: /documentation/swagger-ui-standalone-preset.js - METHOD: GET"}
{"level":"error","message":"ROUTE: /documentation/swagger-ui-init.js - METHOD: GET"}
{"level":"error","message":"ROUTE: /documentation/favicon-32x32.png - METHOD: GET"}
{"level":"error","message":"ROUTE: /documentation/favicon-32x32.png - METHOD: GET"}
{"level":"error","message":"ROUTE: /documentation/ - METHOD: GET"}
{"level":"error","message":"ROUTE: /documentation/swagger-ui.css - METHOD: GET"}
{"level":"error","message":"ROUTE: /documentation/swagger-ui-init.js - METHOD: GET"}
{"level":"error","message":"ROUTE: /documentation/swagger-ui-bundle.js - METHOD: GET"}
{"level":"error","message":"ROUTE: /documentation/swagger-ui-standalone-preset.js - METHOD: GET"}
{"level":"error","message":"ROUTE: /documentation/favicon-32x32.png - METHOD: GET"}
{"level":"error","message":"ROUTE: /documentation/favicon-32x32.png - METHOD: GET"}
{"level":"error","message":"ROUTE: /documentation/ - METHOD: GET"}
{"level":"error","message":"ROUTE: /documentation/swagger-ui.css - METHOD: GET"}
{"level":"error","message":"ROUTE: /documentation/swagger-ui-init.js - METHOD: GET"}
{"level":"error","message":"ROUTE: /documentation/swagger-ui-standalone-preset.js - METHOD: GET"}
{"level":"error","message":"ROUTE: /documentation/swagger-ui-bundle.js - METHOD: GET"}
{"level":"error","message":"ROUTE: /documentation/favicon-32x32.png - METHOD: GET"}
{"level":"error","message":"ROUTE: /documentation/favicon-32x32.png - METHOD: GET"}
{"level":"error","message":"ROUTE: /documentation/ - METHOD: GET"}
{"level":"error","message":"ROUTE: /documentation/swagger-ui.css - METHOD: GET"}
{"level":"error","message":"ROUTE: /documentation/swagger-ui-init.js - METHOD: GET"}
{"level":"error","message":"ROUTE: /documentation/swagger-ui-standalone-preset.js - METHOD: GET"}
{"level":"error","message":"ROUTE: /documentation/swagger-ui-bundle.js - METHOD: GET"}
{"level":"error","message":"ROUTE: /documentation/favicon-32x32.png - METHOD: GET"}
{"level":"error","message":"ROUTE: /documentation/favicon-32x32.png - METHOD: GET"}
{"level":"error","message":"ROUTE: /documentation/ - METHOD: GET"}
{"level":"error","message":"ROUTE: /documentation/swagger-ui.css - METHOD: GET"}
{"level":"error","message":"ROUTE: /documentation/swagger-ui-init.js - METHOD: GET"}
{"level":"error","message":"ROUTE: /documentation/swagger-ui-standalone-preset.js - METHOD: GET"}
{"level":"error","message":"ROUTE: /documentation/swagger-ui-bundle.js - METHOD: GET"}
{"level":"error","message":"ROUTE: /documentation/favicon-32x32.png - METHOD: GET"}
{"level":"error","message":"ROUTE: /documentation/ - METHOD: GET"}
{"level":"error","message":"ROUTE: /documentation/swagger-ui.css - METHOD: GET"}
{"level":"error","message":"ROUTE: /documentation/swagger-ui-init.js - METHOD: GET"}
{"level":"error","message":"ROUTE: /documentation/swagger-ui-bundle.js - METHOD: GET"}
{"level":"error","message":"ROUTE: /documentation/swagger-ui-standalone-preset.js - METHOD: GET"}
{"level":"error","message":"ROUTE: /documentation/favicon-32x32.png - METHOD: GET"}
{"level":"error","message":"ROUTE: /documentation/favicon-32x32.png - METHOD: GET"}
{"level":"error","message":"ROUTE: /api/docs/ - METHOD: GET"}
{"level":"error","message":"ROUTE: /api/docs/swagger-ui-standalone-preset.js - METHOD: GET"}
{"level":"error","message":"ROUTE: /api/docs/swagger-ui-init.js - METHOD: GET"}
{"level":"error","message":"ROUTE: /api/docs/swagger-ui.css - METHOD: GET"}
{"level":"error","message":"ROUTE: /api/docs/swagger-ui-bundle.js - METHOD: GET"}
{"level":"error","message":"ROUTE: /api/docs/favicon-32x32.png - METHOD: GET"}
{"level":"error","message":"ROUTE: /api/docs/favicon-32x32.png - METHOD: GET"}
{"level":"error","message":"ROUTE: /api/docs/ - METHOD: GET"}
{"level":"error","message":"ROUTE: /api/docs/swagger-ui.css - METHOD: GET"}
{"level":"error","message":"ROUTE: /api/docs/swagger-ui-bundle.js - METHOD: GET"}
{"level":"error","message":"ROUTE: /api/docs/swagger-ui-standalone-preset.js - METHOD: GET"}
{"level":"error","message":"ROUTE: /api/docs/swagger-ui-init.js - METHOD: GET"}
{"level":"error","message":"ROUTE: /api/docs/favicon-32x32.png - METHOD: GET"}
{"level":"error","message":"ROUTE: /api/docs/favicon-32x32.png - METHOD: GET"}
{"level":"error","message":"ROUTE: /api/docs/ - METHOD: GET"}
{"level":"error","message":"ROUTE: /api/docs/swagger-ui.css - METHOD: GET"}
{"level":"error","message":"ROUTE: /api/docs/swagger-ui-init.js - METHOD: GET"}
{"level":"error","message":"ROUTE: /api/docs/swagger-ui-bundle.js - METHOD: GET"}
{"level":"error","message":"ROUTE: /api/docs/swagger-ui-standalone-preset.js - METHOD: GET"}
{"level":"error","message":"ROUTE: /api/docs/favicon-32x32.png - METHOD: GET"}
{"level":"error","message":"ROUTE: /api/docs/favicon-32x32.png - METHOD: GET"}
{"level":"error","message":"ROUTE: /api/docs/ - METHOD: GET"}
{"level":"error","message":"ROUTE: /api/docs/swagger-ui.css - METHOD: GET"}
{"level":"error","message":"ROUTE: /api/docs/swagger-ui-init.js - METHOD: GET"}
{"level":"error","message":"ROUTE: /api/docs/swagger-ui-standalone-preset.js - METHOD: GET"}
{"level":"error","message":"ROUTE: /api/docs/swagger-ui-bundle.js - METHOD: GET"}
{"level":"error","message":"ROUTE: /api/docs/favicon-32x32.png - METHOD: GET"}
{"level":"error","message":"ROUTE: /api/docs/favicon-32x32.png - METHOD: GET"}
{"level":"error","message":"ROUTE: /api/docs/ - METHOD: GET"}
{"level":"error","message":"ROUTE: /api/docs/swagger-ui.css - METHOD: GET"}
{"level":"error","message":"ROUTE: /api/docs/swagger-ui-init.js - METHOD: GET"}
{"level":"error","message":"ROUTE: /api/docs/swagger-ui-standalone-preset.js - METHOD: GET"}
{"level":"error","message":"ROUTE: /api/docs/swagger-ui-bundle.js - METHOD: GET"}
{"level":"error","message":"ROUTE: /api/docs/favicon-32x32.png - METHOD: GET"}
{"level":"error","message":"ROUTE: /api/docs/swagger-ui.css - METHOD: GET"}
{"level":"error","message":"ROUTE: /api/docs/ - METHOD: GET"}
{"level":"error","message":"ROUTE: /api/docs/swagger-ui.css - METHOD: GET"}
{"level":"error","message":"ROUTE: /api/docs/swagger-ui-init.js - METHOD: GET"}
{"level":"error","message":"ROUTE: /api/docs/swagger-ui-standalone-preset.js - METHOD: GET"}
{"level":"error","message":"ROUTE: /api/docs/swagger-ui-bundle.js - METHOD: GET"}
{"level":"error","message":"ROUTE: /api/docs/favicon-32x32.png - METHOD: GET"}
{"level":"error","message":"ROUTE: /api/docs/ - METHOD: GET"}
{"level":"error","message":"ROUTE: /api/docs/swagger-ui.css - METHOD: GET"}
{"level":"error","message":"ROUTE: /api/docs/swagger-ui-init.js - METHOD: GET"}
{"level":"error","message":"ROUTE: /api/docs/swagger-ui-standalone-preset.js - METHOD: GET"}
{"level":"error","message":"ROUTE: /api/docs/swagger-ui-bundle.js - METHOD: GET"}
{"level":"error","message":"ROUTE: /api/docs/favicon-32x32.png - METHOD: GET"}
{"level":"error","message":"ROUTE: /api/docs/favicon-32x32.png - METHOD: GET"}
{"level":"error","message":"ROUTE: /api/docs/ - METHOD: GET"}
{"level":"error","message":"ROUTE: /api/docs/swagger-ui.css - METHOD: GET"}
{"level":"error","message":"ROUTE: /api/docs/swagger-ui-init.js - METHOD: GET"}
{"level":"error","message":"ROUTE: /api/docs/swagger-ui-standalone-preset.js - METHOD: GET"}
{"level":"error","message":"ROUTE: /api/docs/swagger-ui-bundle.js - METHOD: GET"}
{"level":"error","message":"ROUTE: /api/docs/favicon-32x32.png - METHOD: GET"}
{"level":"error","message":"ROUTE: /api/docs/favicon-32x32.png - METHOD: GET"}
{"level":"error","message":"ROUTE: /api/docs/ - METHOD: GET"}
{"level":"error","message":"ROUTE: /api/docs/swagger-ui.css - METHOD: GET"}
{"level":"error","message":"ROUTE: /api/docs/swagger-ui-init.js - METHOD: GET"}
{"level":"error","message":"ROUTE: /api/docs/swagger-ui-bundle.js - METHOD: GET"}
{"level":"error","message":"ROUTE: /api/docs/swagger-ui-standalone-preset.js - METHOD: GET"}
{"level":"error","message":"ROUTE: /api/docs/favicon-32x32.png - METHOD: GET"}
{"level":"error","message":"ROUTE: /api/docs/favicon-32x32.png - METHOD: GET"}
{"level":"error","message":"ROUTE: /api/docs/ - METHOD: GET"}
{"level":"error","message":"ROUTE: /api/docs/swagger-ui.css - METHOD: GET"}
{"level":"error","message":"ROUTE: /api/docs/swagger-ui-init.js - METHOD: GET"}
{"level":"error","message":"ROUTE: /api/docs/swagger-ui-standalone-preset.js - METHOD: GET"}
{"level":"error","message":"ROUTE: /api/docs/swagger-ui-bundle.js - METHOD: GET"}
{"level":"error","message":"ROUTE: /api/docs/favicon-32x32.png - METHOD: GET"}
{"level":"error","message":"ROUTE: /api/docs/favicon-32x32.png - METHOD: GET"}
{"level":"error","message":"ROUTE: /api/docs/ - METHOD: GET"}
{"level":"error","message":"ROUTE: /api/docs/swagger-ui.css - METHOD: GET"}
{"level":"error","message":"ROUTE: /api/docs/swagger-ui-init.js - METHOD: GET"}
{"level":"error","message":"ROUTE: /api/docs/swagger-ui.css.map - METHOD: GET"}
{"level":"error","message":"ROUTE: /api/docs/swagger-ui-bundle.js - METHOD: GET"}
{"level":"error","message":"ROUTE: /api/docs/swagger-ui-standalone-preset.js - METHOD: GET"}
{"level":"error","message":"ROUTE: /api/docs/swagger-ui-standalone-preset.js.map - METHOD: GET"}
{"level":"error","message":"ROUTE: /api/docs/swagger-ui-bundle.js.map - METHOD: GET"}
{"level":"error","message":"ROUTE: /api/docs/favicon-32x32.png - METHOD: GET"}
{"level":"error","message":"ROUTE: /api/docs/favicon-32x32.png - METHOD: GET"}
{"level":"error","message":"ROUTE: /api/docs/ - METHOD: GET"}
{"level":"error","message":"ROUTE: /api/docs/swagger-ui.css - METHOD: GET"}
{"level":"error","message":"ROUTE: /api/docs/swagger-ui-standalone-preset.js - METHOD: GET"}
{"level":"error","message":"ROUTE: /api/docs/swagger-ui.css.map - METHOD: GET"}
{"level":"error","message":"ROUTE: /api/docs/swagger-ui-bundle.js - METHOD: GET"}
{"level":"error","message":"ROUTE: /api/docs/swagger-ui-init.js - METHOD: GET"}
{"level":"error","message":"ROUTE: /api/docs/swagger-ui-bundle.js.map - METHOD: GET"}
{"level":"error","message":"ROUTE: /api/docs/swagger-ui-standalone-preset.js.map - METHOD: GET"}
{"level":"error","message":"ROUTE: /api/docs/favicon-32x32.png - METHOD: GET"}
{"level":"error","message":"ROUTE: /api/docs/favicon-32x32.png - METHOD: GET"}
{"level":"error","message":"ROUTE: /api/docs/ - METHOD: GET"}
{"level":"error","message":"ROUTE: /api/docs/swagger-ui.css - METHOD: GET"}
{"level":"error","message":"ROUTE: /api/docs/swagger-ui-standalone-preset.js - METHOD: GET"}
{"level":"error","message":"ROUTE: /api/docs/swagger-ui.css.map - METHOD: GET"}
{"level":"error","message":"ROUTE: /api/docs/swagger-ui-init.js - METHOD: GET"}
{"level":"error","message":"ROUTE: /api/docs/swagger-ui-bundle.js - METHOD: GET"}
{"level":"error","message":"ROUTE: /api/docs/swagger-ui-bundle.js.map - METHOD: GET"}
{"level":"error","message":"ROUTE: /api/docs/swagger-ui-standalone-preset.js.map - METHOD: GET"}
{"level":"error","message":"ROUTE: /api/docs/favicon-32x32.png - METHOD: GET"}
{"level":"error","message":"ROUTE: /api/docs/favicon-32x32.png - METHOD: GET"}
{"level":"error","message":"ROUTE: /api/docs/ - METHOD: GET"}
{"level":"error","message":"ROUTE: /api/docs/swagger-ui.css - METHOD: GET"}
{"level":"error","message":"ROUTE: /api/docs/swagger-ui-bundle.js - METHOD: GET"}
{"level":"error","message":"ROUTE: /api/docs/swagger-ui-standalone-preset.js - METHOD: GET"}
{"level":"error","message":"ROUTE: /api/docs/swagger-ui-init.js - METHOD: GET"}
{"level":"error","message":"ROUTE: /api/docs/favicon-32x32.png - METHOD: GET"}
{"level":"error","message":"ROUTE: /api/docs/favicon-32x32.png - METHOD: GET"}
{"level":"error","message":"ROUTE: /api/docs/ - METHOD: GET"}
{"level":"error","message":"ROUTE: /api/docs/swagger-ui.css - METHOD: GET"}
{"level":"error","message":"ROUTE: /api/docs/swagger-ui-init.js - METHOD: GET"}
{"level":"error","message":"ROUTE: /api/docs/swagger-ui-standalone-preset.js - METHOD: GET"}
{"level":"error","message":"ROUTE: /api/docs/swagger-ui-bundle.js - METHOD: GET"}
{"level":"error","message":"ROUTE: /api/docs/favicon-32x32.png - METHOD: GET"}
{"level":"error","message":"ROUTE: /api/docs/favicon-32x32.png - METHOD: GET"}
{"level":"error","message":"ROUTE: /api/docs/ - METHOD: GET"}
{"level":"error","message":"ROUTE: /api/docs/swagger-ui.css - METHOD: GET"}
{"level":"error","message":"ROUTE: /api/docs/swagger-ui-bundle.js - METHOD: GET"}
{"level":"error","message":"ROUTE: /api/docs/swagger-ui-standalone-preset.js - METHOD: GET"}
{"level":"error","message":"ROUTE: /api/docs/swagger-ui-init.js - METHOD: GET"}
{"level":"error","message":"ROUTE: /api/docs/favicon-32x32.png - METHOD: GET"}
{"level":"error","message":"ROUTE: /api/docs/favicon-32x32.png - METHOD: GET"}
{"level":"error","message":"ROUTE: /api/docs/ - METHOD: GET"}
{"level":"error","message":"ROUTE: /api/docs/swagger-ui.css - METHOD: GET"}
{"level":"error","message":"ROUTE: /api/docs/swagger-ui-init.js - METHOD: GET"}
{"level":"error","message":"ROUTE: /api/docs/swagger-ui-bundle.js - METHOD: GET"}
{"level":"error","message":"ROUTE: /api/docs/swagger-ui-standalone-preset.js - METHOD: GET"}
{"level":"error","message":"ROUTE: /api/docs/favicon-32x32.png - METHOD: GET"}
{"level":"error","message":"ROUTE: /api/docs/favicon-32x32.png - METHOD: GET"}
{"level":"error","message":"ROUTE: /api/docs/ - METHOD: GET"}
{"level":"error","message":"ROUTE: /api/docs/swagger-ui.css - METHOD: GET"}
{"level":"error","message":"ROUTE: /api/docs/swagger-ui-bundle.js - METHOD: GET"}
{"level":"error","message":"ROUTE: /api/docs/swagger-ui-standalone-preset.js - METHOD: GET"}
{"level":"error","message":"ROUTE: /api/docs/swagger-ui-init.js - METHOD: GET"}
{"level":"error","message":"ROUTE: /api/docs/favicon-32x32.png - METHOD: GET"}
{"level":"error","message":"ROUTE: /api/docs/favicon-32x32.png - METHOD: GET"}
{"level":"error","message":"ROUTE: /api/docs/ - METHOD: GET"}
{"level":"error","message":"ROUTE: /api/docs/swagger-ui.css - METHOD: GET"}
{"level":"error","message":"ROUTE: /api/docs/swagger-ui-init.js - METHOD: GET"}
{"level":"error","message":"ROUTE: /api/docs/swagger-ui-bundle.js - METHOD: GET"}
{"level":"error","message":"ROUTE: /api/docs/swagger-ui-standalone-preset.js - METHOD: GET"}
{"level":"error","message":"ROUTE: /api/docs/favicon-32x32.png - METHOD: GET"}
{"level":"error","message":"ROUTE: /api/docs/favicon-32x32.png - METHOD: GET"}
{"level":"error","message":"ROUTE: /api/docs/ - METHOD: GET"}
{"level":"error","message":"ROUTE: /api/docs/swagger-ui.css - METHOD: GET"}
{"level":"error","message":"ROUTE: /api/docs/swagger-ui-init.js - METHOD: GET"}
{"level":"error","message":"ROUTE: /api/docs/swagger-ui-standalone-preset.js - METHOD: GET"}
{"level":"error","message":"ROUTE: /api/docs/swagger-ui-bundle.js - METHOD: GET"}
{"level":"error","message":"ROUTE: /api/docs/favicon-32x32.png - METHOD: GET"}
{"level":"error","message":"ROUTE: /api/docs/favicon-32x32.png - METHOD: GET"}
{"level":"error","message":"ROUTE: /favicon.ico - METHOD: GET"}
{"level":"error","message":"ROUTE: /api/docs/ - METHOD: GET"}
{"level":"error","message":"ROUTE: /api/docs/swagger-ui.css - METHOD: GET"}
{"level":"error","message":"ROUTE: /api/docs/swagger-ui-init.js - METHOD: GET"}
{"level":"error","message":"ROUTE: /api/docs/swagger-ui-bundle.js - METHOD: GET"}
{"level":"error","message":"ROUTE: /api/docs/swagger-ui-standalone-preset.js - METHOD: GET"}
{"level":"error","message":"ROUTE: /api/docs/favicon-32x32.png - METHOD: GET"}
{"level":"error","message":"ROUTE: /api/docs/ - METHOD: GET"}
{"level":"error","message":"ROUTE: /api/docs/swagger-ui.css - METHOD: GET"}
{"level":"error","message":"ROUTE: /api/docs/swagger-ui-bundle.js - METHOD: GET"}
{"level":"error","message":"ROUTE: /api/docs/swagger-ui-standalone-preset.js - METHOD: GET"}
{"level":"error","message":"ROUTE: /api/docs/swagger-ui-init.js - METHOD: GET"}
{"level":"error","message":"ROUTE: /api/docs/favicon-32x32.png - METHOD: GET"}
{"level":"error","message":"ROUTE: /api/docs/favicon-32x32.png - METHOD: GET"}
{"level":"error","message":"ROUTE: /api/docs/ - METHOD: GET"}
{"level":"error","message":"ROUTE: /api/docs/swagger-ui.css - METHOD: GET"}
{"level":"error","message":"ROUTE: /api/docs/swagger-ui-init.js - METHOD: GET"}
{"level":"error","message":"ROUTE: /api/docs/swagger-ui-bundle.js - METHOD: GET"}
{"level":"error","message":"ROUTE: /api/docs/swagger-ui-standalone-preset.js - METHOD: GET"}
{"level":"error","message":"ROUTE: /api/docs/favicon-32x32.png - METHOD: GET"}
{"level":"error","message":"ROUTE: /api/docs/favicon-32x32.png - METHOD: GET"}
{"level":"error","message":"ROUTE: /api/docs/ - METHOD: GET"}
{"level":"error","message":"ROUTE: /api/docs/swagger-ui.css - METHOD: GET"}
{"level":"error","message":"ROUTE: /api/docs/swagger-ui-init.js - METHOD: GET"}
{"level":"error","message":"ROUTE: /api/docs/swagger-ui-standalone-preset.js - METHOD: GET"}
{"level":"error","message":"ROUTE: /api/docs/swagger-ui-bundle.js - METHOD: GET"}
{"level":"error","message":"ROUTE: /api/docs/favicon-32x32.png - METHOD: GET"}
{"level":"error","message":"ROUTE: /api/docs/favicon-32x32.png - METHOD: GET"}
{"level":"error","message":"ROUTE: /api/docs/ - METHOD: GET"}
{"level":"error","message":"ROUTE: /api/docs/swagger-ui-bundle.js - METHOD: GET"}
{"level":"error","message":"ROUTE: /api/docs/swagger-ui-init.js - METHOD: GET"}
{"level":"error","message":"ROUTE: /api/docs/swagger-ui.css - METHOD: GET"}
{"level":"error","message":"ROUTE: /api/docs/swagger-ui-standalone-preset.js - METHOD: GET"}
{"level":"error","message":"ROUTE: /api/docs/favicon-32x32.png - METHOD: GET"}
{"level":"error","message":"ROUTE: /api/docs/favicon-32x32.png - METHOD: GET"}
{"level":"error","message":"ROUTE: /api/docs/ - METHOD: GET"}
{"level":"error","message":"ROUTE: /api/docs/swagger-ui.css - METHOD: GET"}
{"level":"error","message":"ROUTE: /api/docs/swagger-ui-init.js - METHOD: GET"}
{"level":"error","message":"ROUTE: /api/docs/swagger-ui-standalone-preset.js - METHOD: GET"}
{"level":"error","message":"ROUTE: /api/docs/swagger-ui-bundle.js - METHOD: GET"}
{"level":"error","message":"ROUTE: /api/docs/favicon-32x32.png - METHOD: GET"}
{"level":"error","message":"ROUTE: /api/docs/favicon-32x32.png - METHOD: GET"}
{"level":"error","message":"ROUTE: /api/docs/ - METHOD: GET"}
{"level":"error","message":"ROUTE: /api/docs/swagger-ui.css - METHOD: GET"}
{"level":"error","message":"ROUTE: /api/docs/swagger-ui-init.js - METHOD: GET"}
{"level":"error","message":"ROUTE: /api/docs/swagger-ui-bundle.js - METHOD: GET"}
{"level":"error","message":"ROUTE: /api/docs/swagger-ui-standalone-preset.js - METHOD: GET"}
{"level":"error","message":"ROUTE: /api/docs/favicon-32x32.png - METHOD: GET"}
{"level":"error","message":"ROUTE: /api/docs/favicon-32x32.png - METHOD: GET"}
{"level":"error","message":"ROUTE: /api/docs/ - METHOD: GET"}
{"level":"error","message":"ROUTE: /api/docs/swagger-ui-standalone-preset.js - METHOD: GET"}
{"level":"error","message":"ROUTE: /api/docs/swagger-ui-init.js - METHOD: GET"}
{"level":"error","message":"ROUTE: /api/docs/swagger-ui-bundle.js - METHOD: GET"}
{"level":"error","message":"ROUTE: /api/docs/swagger-ui.css - METHOD: GET"}
{"level":"error","message":"ROUTE: /api/docs/favicon-32x32.png - METHOD: GET"}
{"level":"error","message":"ROUTE: /api/docs/favicon-32x32.png - METHOD: GET"}
{"level":"error","message":"ROUTE: /api/docs/ - METHOD: GET"}
{"level":"error","message":"ROUTE: /api/docs/swagger-ui.css - METHOD: GET"}
{"level":"error","message":"ROUTE: /api/docs/swagger-ui-init.js - METHOD: GET"}
{"level":"error","message":"ROUTE: /api/docs/swagger-ui-bundle.js - METHOD: GET"}
{"level":"error","message":"ROUTE: /api/docs/swagger-ui-standalone-preset.js - METHOD: GET"}
{"level":"error","message":"ROUTE: /api/docs/favicon-32x32.png - METHOD: GET"}
{"level":"error","message":"ROUTE: /api/docs/favicon-32x32.png - METHOD: GET"}
{"level":"error","message":"ROUTE: /api/docs/ - METHOD: GET"}
{"level":"error","message":"ROUTE: /api/docs/swagger-ui.css - METHOD: GET"}
{"level":"error","message":"ROUTE: /api/docs/swagger-ui-init.js - METHOD: GET"}
{"level":"error","message":"ROUTE: /api/docs/swagger-ui-bundle.js - METHOD: GET"}
{"level":"error","message":"ROUTE: /api/docs/swagger-ui-standalone-preset.js - METHOD: GET"}
{"level":"error","message":"ROUTE: /api/docs/favicon-32x32.png - METHOD: GET"}
{"level":"error","message":"ROUTE: /api/docs/favicon-32x32.png - METHOD: GET"}
{"level":"error","message":"ROUTE: /api/docs/ - METHOD: GET"}
{"level":"error","message":"ROUTE: /api/docs/swagger-ui.css - METHOD: GET"}
{"level":"error","message":"ROUTE: /api/docs/swagger-ui-init.js - METHOD: GET"}
{"level":"error","message":"ROUTE: /api/docs/swagger-ui-standalone-preset.js - METHOD: GET"}
{"level":"error","message":"ROUTE: /api/docs/swagger-ui-bundle.js - METHOD: GET"}
{"level":"error","message":"ROUTE: /api/docs/favicon-32x32.png - METHOD: GET"}
{"level":"error","message":"ROUTE: /api/docs/favicon-32x32.png - METHOD: GET"}
{"level":"error","message":"ROUTE: /api/docs/ - METHOD: GET"}
{"level":"error","message":"ROUTE: /api/docs/swagger-ui.css - METHOD: GET"}
{"level":"error","message":"ROUTE: /api/docs/swagger-ui-bundle.js - METHOD: GET"}
{"level":"error","message":"ROUTE: /api/docs/swagger-ui-standalone-preset.js - METHOD: GET"}
{"level":"error","message":"ROUTE: /api/docs/swagger-ui-init.js - METHOD: GET"}
{"level":"error","message":"ROUTE: /api/docs/favicon-32x32.png - METHOD: GET"}
{"level":"error","message":"ROUTE: /api/docs/ - METHOD: GET"}
{"level":"error","message":"ROUTE: /api/docs/swagger-ui.css - METHOD: GET"}
{"level":"error","message":"ROUTE: /api/docs/swagger-ui-init.js - METHOD: GET"}
{"level":"error","message":"ROUTE: /api/docs/swagger-ui-bundle.js - METHOD: GET"}
{"level":"error","message":"ROUTE: /api/docs/swagger-ui-standalone-preset.js - METHOD: GET"}
{"level":"error","message":"ROUTE: /api/docs/favicon-32x32.png - METHOD: GET"}
{"level":"error","message":"ROUTE: /api/docs/favicon-32x32.png - METHOD: GET"}
{"level":"error","message":"ROUTE: /api/docs/ - METHOD: GET"}
{"level":"error","message":"ROUTE: /api/docs/swagger-ui.css - METHOD: GET"}
{"level":"error","message":"ROUTE: /api/docs/swagger-ui-init.js - METHOD: GET"}
{"level":"error","message":"ROUTE: /api/docs/swagger-ui-bundle.js - METHOD: GET"}
{"level":"error","message":"ROUTE: /api/docs/swagger-ui-standalone-preset.js - METHOD: GET"}
{"level":"error","message":"ROUTE: /api/docs/favicon-32x32.png - METHOD: GET"}
{"level":"error","message":"ROUTE: /api/docs/favicon-32x32.png - METHOD: GET"}
{"level":"error","message":"ROUTE: /api/docs/ - METHOD: GET"}
{"level":"error","message":"ROUTE: /api/docs/swagger-ui.css - METHOD: GET"}
{"level":"error","message":"ROUTE: /api/docs/swagger-ui-init.js - METHOD: GET"}
{"level":"error","message":"ROUTE: /api/docs/swagger-ui-standalone-preset.js - METHOD: GET"}
{"level":"error","message":"ROUTE: /api/docs/swagger-ui-bundle.js - METHOD: GET"}
{"level":"error","message":"ROUTE: /api/docs/favicon-32x32.png - METHOD: GET"}
{"level":"error","message":"ROUTE: /api/docs/favicon-32x32.png - METHOD: GET"}
{"level":"error","message":"ROUTE: /api/docs/ - METHOD: GET"}
{"level":"error","message":"ROUTE: /api/docs/swagger-ui.css - METHOD: GET"}
{"level":"error","message":"ROUTE: /api/docs/swagger-ui-init.js - METHOD: GET"}
{"level":"error","message":"ROUTE: /api/docs/swagger-ui-bundle.js - METHOD: GET"}
{"level":"error","message":"ROUTE: /api/docs/swagger-ui-standalone-preset.js - METHOD: GET"}
{"level":"error","message":"ROUTE: /api/docs/favicon-32x32.png - METHOD: GET"}
{"level":"error","message":"ROUTE: /api/docs/ - METHOD: GET"}
{"level":"error","message":"ROUTE: /api/docs/swagger-ui.css - METHOD: GET"}
{"level":"error","message":"ROUTE: /api/docs/swagger-ui-init.js - METHOD: GET"}
{"level":"error","message":"ROUTE: /api/docs/swagger-ui-bundle.js - METHOD: GET"}
{"level":"error","message":"ROUTE: /api/docs/swagger-ui-standalone-preset.js - METHOD: GET"}
{"level":"error","message":"ROUTE: /api/docs/favicon-32x32.png - METHOD: GET"}
{"level":"error","message":"ROUTE: /api/docs/ - METHOD: GET"}
{"level":"error","message":"ROUTE: /api/docs/swagger-ui.css - METHOD: GET"}
{"level":"error","message":"ROUTE: /api/docs/swagger-ui-init.js - METHOD: GET"}
{"level":"error","message":"ROUTE: /api/docs/swagger-ui-bundle.js - METHOD: GET"}
{"level":"error","message":"ROUTE: /api/docs/swagger-ui-standalone-preset.js - METHOD: GET"}
{"level":"error","message":"ROUTE: /api/docs/favicon-32x32.png - METHOD: GET"}
{"level":"error","message":"ROUTE: /api/docs/favicon-32x32.png - METHOD: GET"}
{"level":"error","message":"ROUTE: /api/docs/ - METHOD: GET"}
{"level":"error","message":"ROUTE: /api/docs/swagger-ui-bundle.js - METHOD: GET"}
{"level":"error","message":"ROUTE: /api/docs/swagger-ui.css - METHOD: GET"}
{"level":"error","message":"ROUTE: /api/docs/swagger-ui-standalone-preset.js - METHOD: GET"}
{"level":"error","message":"ROUTE: /api/docs/swagger-ui-init.js - METHOD: GET"}
{"level":"error","message":"ROUTE: /api/docs/favicon-32x32.png - METHOD: GET"}
{"level":"error","message":"ROUTE: /api/docs/ - METHOD: GET"}
{"level":"error","message":"ROUTE: /api/docs/swagger-ui.css - METHOD: GET"}
{"level":"error","message":"ROUTE: /api/docs/swagger-ui-init.js - METHOD: GET"}
{"level":"error","message":"ROUTE: /api/docs/swagger-ui-bundle.js - METHOD: GET"}
{"level":"error","message":"ROUTE: /api/docs/swagger-ui-standalone-preset.js - METHOD: GET"}
{"level":"error","message":"ROUTE: /api/docs/favicon-32x32.png - METHOD: GET"}
{"level":"error","message":"ROUTE: /api/docs/ - METHOD: GET"}
{"level":"error","message":"ROUTE: /api/docs/swagger-ui-bundle.js - METHOD: GET"}
{"level":"error","message":"ROUTE: /api/docs/swagger-ui-init.js - METHOD: GET"}
{"level":"error","message":"ROUTE: /api/docs/swagger-ui-standalone-preset.js - METHOD: GET"}
{"level":"error","message":"ROUTE: /api/docs/swagger-ui.css - METHOD: GET"}
{"level":"error","message":"ROUTE: /api/docs/favicon-32x32.png - METHOD: GET"}
{"level":"error","message":"ROUTE: /api/docs/favicon-32x32.png - METHOD: GET"}
{"level":"error","message":"ROUTE: /api/docs/ - METHOD: GET"}
{"level":"error","message":"ROUTE: /api/docs/swagger-ui.css - METHOD: GET"}
{"level":"error","message":"ROUTE: /api/docs/swagger-ui-init.js - METHOD: GET"}
{"level":"error","message":"ROUTE: /api/docs/swagger-ui-bundle.js - METHOD: GET"}
{"level":"error","message":"ROUTE: /api/docs/swagger-ui-standalone-preset.js - METHOD: GET"}
{"level":"error","message":"ROUTE: /api/docs/favicon-32x32.png - METHOD: GET"}
{"level":"error","message":"ROUTE: /api/docs/ - METHOD: GET"}
{"level":"error","message":"ROUTE: /api/docs/swagger-ui.css - METHOD: GET"}
{"level":"error","message":"ROUTE: /api/docs/swagger-ui-init.js - METHOD: GET"}
{"level":"error","message":"ROUTE: /api/docs/swagger-ui-standalone-preset.js - METHOD: GET"}
{"level":"error","message":"ROUTE: /api/docs/swagger-ui-bundle.js - METHOD: GET"}
{"level":"error","message":"ROUTE: /api/docs/favicon-32x32.png - METHOD: GET"}
{"level":"error","message":"ROUTE: /api/docs/favicon-32x32.png - METHOD: GET"}
{"level":"error","message":"ROUTE: /api/docs/ - METHOD: GET"}
{"level":"error","message":"ROUTE: /api/docs/swagger-ui.css - METHOD: GET"}
{"level":"error","message":"ROUTE: /api/docs/swagger-ui-init.js - METHOD: GET"}
{"level":"error","message":"ROUTE: /api/docs/swagger-ui-standalone-preset.js - METHOD: GET"}
{"level":"error","message":"ROUTE: /api/docs/swagger-ui-bundle.js - METHOD: GET"}
{"level":"error","message":"ROUTE: /api/docs/favicon-32x32.png - METHOD: GET"}
{"level":"error","message":"ROUTE: /api/docs/favicon-32x32.png - METHOD: GET"}
{"level":"error","message":"ROUTE: /api/docs/ - METHOD: GET"}
{"level":"error","message":"ROUTE: /api/docs/swagger-ui.css - METHOD: GET"}
{"level":"error","message":"ROUTE: /api/docs/swagger-ui-bundle.js - METHOD: GET"}
{"level":"error","message":"ROUTE: /api/docs/swagger-ui-standalone-preset.js - METHOD: GET"}
{"level":"error","message":"ROUTE: /api/docs/swagger-ui-init.js - METHOD: GET"}
{"level":"error","message":"ROUTE: /api/docs/favicon-32x32.png - METHOD: GET"}
{"level":"error","message":"ROUTE: /api/docs/ - METHOD: GET"}
{"level":"error","message":"ROUTE: /api/docs/swagger-ui.css - METHOD: GET"}
{"level":"error","message":"ROUTE: /api/docs/swagger-ui-init.js - METHOD: GET"}
{"level":"error","message":"ROUTE: /api/docs/swagger-ui-standalone-preset.js - METHOD: GET"}
{"level":"error","message":"ROUTE: /api/docs/swagger-ui-bundle.js - METHOD: GET"}
{"level":"error","message":"ROUTE: /api/docs/favicon-32x32.png - METHOD: GET"}
{"level":"error","message":"ROUTE: /api/docs/favicon-32x32.png - METHOD: GET"}
{"level":"error","message":"ROUTE: /api/docs/ - METHOD: GET"}
{"level":"error","message":"ROUTE: /api/docs/swagger-ui.css - METHOD: GET"}
{"level":"error","message":"ROUTE: /api/docs/swagger-ui-init.js - METHOD: GET"}
{"level":"error","message":"ROUTE: /api/docs/swagger-ui-standalone-preset.js - METHOD: GET"}
{"level":"error","message":"ROUTE: /api/docs/swagger-ui-bundle.js - METHOD: GET"}
{"level":"error","message":"ROUTE: /api/docs/favicon-32x32.png - METHOD: GET"}
{"level":"error","message":"ROUTE: /api/docs/ - METHOD: GET"}
{"level":"error","message":"ROUTE: /api/docs/swagger-ui.css - METHOD: GET"}
{"level":"error","message":"ROUTE: /api/docs/swagger-ui-init.js - METHOD: GET"}
{"level":"error","message":"ROUTE: /api/docs/swagger-ui-standalone-preset.js - METHOD: GET"}
{"level":"error","message":"ROUTE: /api/docs/swagger-ui-bundle.js - METHOD: GET"}
{"level":"error","message":"ROUTE: /api/docs/favicon-32x32.png - METHOD: GET"}
{"level":"error","message":"ROUTE: /api/docs/ - METHOD: GET"}
{"level":"error","message":"ROUTE: /api/docs/swagger-ui.css - METHOD: GET"}
{"level":"error","message":"ROUTE: /api/docs/swagger-ui-init.js - METHOD: GET"}
{"level":"error","message":"ROUTE: /api/docs/swagger-ui-bundle.js - METHOD: GET"}
{"level":"error","message":"ROUTE: /api/docs/swagger-ui-standalone-preset.js - METHOD: GET"}
{"level":"error","message":"ROUTE: /api/docs/favicon-32x32.png - METHOD: GET"}
{"level":"error","message":"ROUTE: /api/docs/ - METHOD: GET"}
{"level":"error","message":"ROUTE: /api/docs/swagger-ui.css - METHOD: GET"}
{"level":"error","message":"ROUTE: /api/docs/swagger-ui-init.js - METHOD: GET"}
{"level":"error","message":"ROUTE: /api/docs/swagger-ui-standalone-preset.js - METHOD: GET"}
{"level":"error","message":"ROUTE: /api/docs/swagger-ui-bundle.js - METHOD: GET"}
{"level":"error","message":"ROUTE: /api/docs/favicon-32x32.png - METHOD: GET"}
{"level":"error","message":"ROUTE: /api/docs/ - METHOD: GET"}
{"level":"error","message":"ROUTE: /api/docs/swagger-ui.css - METHOD: GET"}
{"level":"error","message":"ROUTE: /api/docs/swagger-ui-init.js - METHOD: GET"}
{"level":"error","message":"ROUTE: /api/docs/swagger-ui-bundle.js - METHOD: GET"}
{"level":"error","message":"ROUTE: /api/docs/swagger-ui-standalone-preset.js - METHOD: GET"}
{"level":"error","message":"ROUTE: /api/docs/favicon-32x32.png - METHOD: GET"}
{"level":"error","message":"ROUTE: /api/docs/ - METHOD: GET"}
{"level":"error","message":"ROUTE: /api/docs/swagger-ui.css - METHOD: GET"}
{"level":"error","message":"ROUTE: /api/docs/swagger-ui-init.js - METHOD: GET"}
{"level":"error","message":"ROUTE: /api/docs/swagger-ui-bundle.js - METHOD: GET"}
{"level":"error","message":"ROUTE: /api/docs/swagger-ui-standalone-preset.js - METHOD: GET"}
{"level":"error","message":"ROUTE: /api/docs/favicon-32x32.png - METHOD: GET"}
{"level":"error","message":"ROUTE: /api/docs/ - METHOD: GET"}
{"level":"error","message":"ROUTE: /api/docs/swagger-ui.css - METHOD: GET"}
{"level":"error","message":"ROUTE: /api/docs/swagger-ui-init.js - METHOD: GET"}
{"level":"error","message":"ROUTE: /api/docs/swagger-ui-standalone-preset.js - METHOD: GET"}
{"level":"error","message":"ROUTE: /api/docs/swagger-ui-bundle.js - METHOD: GET"}
{"level":"error","message":"ROUTE: /api/docs/favicon-32x32.png - METHOD: GET"}
{"level":"error","message":"ROUTE: /api/docs/ - METHOD: GET"}
{"level":"error","message":"ROUTE: /api/docs/swagger-ui.css - METHOD: GET"}
{"level":"error","message":"ROUTE: /api/docs/swagger-ui-init.js - METHOD: GET"}
{"level":"error","message":"ROUTE: /api/docs/swagger-ui-standalone-preset.js - METHOD: GET"}
{"level":"error","message":"ROUTE: /api/docs/swagger-ui-bundle.js - METHOD: GET"}
{"level":"error","message":"ROUTE: /api/docs/favicon-32x32.png - METHOD: GET"}
{"level":"error","message":"ROUTE: /api/docs/ - METHOD: GET"}
{"level":"error","message":"ROUTE: /api/docs/swagger-ui.css - METHOD: GET"}
{"level":"error","message":"ROUTE: /api/docs/swagger-ui-init.js - METHOD: GET"}
{"level":"error","message":"ROUTE: /api/docs/swagger-ui-standalone-preset.js - METHOD: GET"}
{"level":"error","message":"ROUTE: /api/docs/swagger-ui-bundle.js - METHOD: GET"}
{"level":"error","message":"ROUTE: /api/docs/favicon-32x32.png - METHOD: GET"}
{"level":"error","message":"ROUTE: /api/docs/ - METHOD: GET"}
{"level":"error","message":"ROUTE: /api/docs/swagger-ui.css - METHOD: GET"}
{"level":"error","message":"ROUTE: /api/docs/swagger-ui-init.js - METHOD: GET"}
{"level":"error","message":"ROUTE: /api/docs/swagger-ui-standalone-preset.js - METHOD: GET"}
{"level":"error","message":"ROUTE: /api/docs/swagger-ui-bundle.js - METHOD: GET"}
{"level":"error","message":"ROUTE: /api/docs/favicon-32x32.png - METHOD: GET"}
{"level":"error","message":"ROUTE: /api/docs/ - METHOD: GET"}
{"level":"error","message":"ROUTE: /api/docs/swagger-ui.css - METHOD: GET"}
{"level":"error","message":"ROUTE: /api/docs/swagger-ui-init.js - METHOD: GET"}
{"level":"error","message":"ROUTE: /api/docs/swagger-ui-standalone-preset.js - METHOD: GET"}
{"level":"error","message":"ROUTE: /api/docs/swagger-ui-bundle.js - METHOD: GET"}
{"level":"error","message":"ROUTE: /api/docs/favicon-32x32.png - METHOD: GET"}
{"level":"error","message":"ROUTE: /api/docs/ - METHOD: GET"}
{"level":"error","message":"ROUTE: /api/docs/swagger-ui.css - METHOD: GET"}
{"level":"error","message":"ROUTE: /api/docs/swagger-ui-init.js - METHOD: GET"}
{"level":"error","message":"ROUTE: /api/docs/swagger-ui-standalone-preset.js - METHOD: GET"}
{"level":"error","message":"ROUTE: /api/docs/swagger-ui-bundle.js - METHOD: GET"}
{"level":"error","message":"ROUTE: /api/docs/favicon-32x32.png - METHOD: GET"}
{"level":"error","message":"ROUTE: /api/docs/ - METHOD: GET"}
{"level":"error","message":"ROUTE: /api/docs/swagger-ui.css - METHOD: GET"}
{"level":"error","message":"ROUTE: /api/docs/swagger-ui-standalone-preset.js - METHOD: GET"}
{"level":"error","message":"ROUTE: /api/docs/swagger-ui-init.js - METHOD: GET"}
{"level":"error","message":"ROUTE: /api/docs/swagger-ui-bundle.js - METHOD: GET"}
{"level":"error","message":"ROUTE: /api/docs/favicon-32x32.png - METHOD: GET"}
{"level":"error","message":"ROUTE: /api/docs/ - METHOD: GET"}
{"level":"error","message":"ROUTE: /api/docs/swagger-ui.css - METHOD: GET"}
{"level":"error","message":"ROUTE: /api/docs/swagger-ui-init.js - METHOD: GET"}
{"level":"error","message":"ROUTE: /api/docs/swagger-ui-bundle.js - METHOD: GET"}
{"level":"error","message":"ROUTE: /api/docs/swagger-ui-standalone-preset.js - METHOD: GET"}
{"level":"error","message":"ROUTE: /api/docs/favicon-32x32.png - METHOD: GET"}
{"level":"error","message":"ROUTE: /api/docs/ - METHOD: GET"}
{"level":"error","message":"ROUTE: /api/docs/swagger-ui.css - METHOD: GET"}
{"level":"error","message":"ROUTE: /api/docs/swagger-ui-init.js - METHOD: GET"}
{"level":"error","message":"ROUTE: /api/docs/swagger-ui-standalone-preset.js - METHOD: GET"}
{"level":"error","message":"ROUTE: /api/docs/swagger-ui-bundle.js - METHOD: GET"}
{"level":"error","message":"ROUTE: /api/docs/favicon-32x32.png - METHOD: GET"}
{"level":"error","message":"ROUTE: /api/docs/ - METHOD: GET"}
{"level":"error","message":"ROUTE: /api/docs/swagger-ui.css - METHOD: GET"}
{"level":"error","message":"ROUTE: /api/docs/swagger-ui-standalone-preset.js - METHOD: GET"}
{"level":"error","message":"ROUTE: /api/docs/swagger-ui-bundle.js - METHOD: GET"}
{"level":"error","message":"ROUTE: /api/docs/swagger-ui-init.js - METHOD: GET"}
{"level":"error","message":"ROUTE: /api/docs/favicon-32x32.png - METHOD: GET"}
{"level":"error","message":"ROUTE: /api/docs/ - METHOD: GET"}
{"level":"error","message":"ROUTE: /api/docs/swagger-ui.css - METHOD: GET"}
{"level":"error","message":"ROUTE: /api/docs/swagger-ui-init.js - METHOD: GET"}
{"level":"error","message":"ROUTE: /api/docs/swagger-ui-bundle.js - METHOD: GET"}
{"level":"error","message":"ROUTE: /api/docs/swagger-ui-standalone-preset.js - METHOD: GET"}
{"level":"error","message":"ROUTE: /api/docs/favicon-32x32.png - METHOD: GET"}
{"level":"error","message":"ROUTE: /api/docs/ - METHOD: GET"}
{"level":"error","message":"ROUTE: /api/docs/swagger-ui-bundle.js - METHOD: GET"}
{"level":"error","message":"ROUTE: /api/docs/swagger-ui-init.js - METHOD: GET"}
{"level":"error","message":"ROUTE: /api/docs/swagger-ui-standalone-preset.js - METHOD: GET"}
{"level":"error","message":"ROUTE: /api/docs/swagger-ui.css - METHOD: GET"}
{"level":"error","message":"ROUTE: /api/docs/favicon-32x32.png - METHOD: GET"}
{"level":"error","message":"ROUTE: /api/docs/favicon-32x32.png - METHOD: GET"}
{"level":"error","message":"ROUTE: /api/docs/ - METHOD: GET"}
{"level":"error","message":"ROUTE: /api/docs/swagger-ui.css - METHOD: GET"}
{"level":"error","message":"ROUTE: /api/docs/swagger-ui-init.js - METHOD: GET"}
{"level":"error","message":"ROUTE: /api/docs/swagger-ui-standalone-preset.js - METHOD: GET"}
{"level":"error","message":"ROUTE: /api/docs/swagger-ui-bundle.js - METHOD: GET"}
{"level":"error","message":"ROUTE: /api/docs/favicon-32x32.png - METHOD: GET"}
{"level":"error","message":"ROUTE: /api/docs/ - METHOD: GET"}
{"level":"error","message":"ROUTE: /api/docs/swagger-ui.css - METHOD: GET"}
{"level":"error","message":"ROUTE: /api/docs/swagger-ui-standalone-preset.js - METHOD: GET"}
{"level":"error","message":"ROUTE: /api/docs/swagger-ui-bundle.js - METHOD: GET"}
{"level":"error","message":"ROUTE: /api/docs/swagger-ui-init.js - METHOD: GET"}
{"level":"error","message":"ROUTE: /api/docs/favicon-32x32.png - METHOD: GET"}
{"level":"error","message":"ROUTE: /api/docs/ - METHOD: GET"}
{"level":"error","message":"ROUTE: /api/docs/swagger-ui.css - METHOD: GET"}
{"level":"error","message":"ROUTE: /api/docs/swagger-ui-init.js - METHOD: GET"}
{"level":"error","message":"ROUTE: /api/docs/swagger-ui-bundle.js - METHOD: GET"}
{"level":"error","message":"ROUTE: /api/docs/swagger-ui-standalone-preset.js - METHOD: GET"}
{"level":"error","message":"ROUTE: /api/docs/favicon-32x32.png - METHOD: GET"}
{"level":"error","message":"ROUTE: /api/docs/ - METHOD: GET"}
{"level":"error","message":"ROUTE: /api/docs/swagger-ui.css - METHOD: GET"}
{"level":"error","message":"ROUTE: /api/docs/swagger-ui-init.js - METHOD: GET"}
{"level":"error","message":"ROUTE: /api/docs/swagger-ui-standalone-preset.js - METHOD: GET"}
{"level":"error","message":"ROUTE: /api/docs/swagger-ui-bundle.js - METHOD: GET"}
{"level":"error","message":"ROUTE: /api/docs/favicon-32x32.png - METHOD: GET"}
{"level":"error","message":"ROUTE: /api/docs/ - METHOD: GET"}
{"level":"error","message":"ROUTE: /api/docs/swagger-ui.css - METHOD: GET"}
{"level":"error","message":"ROUTE: /api/docs/swagger-ui-init.js - METHOD: GET"}
{"level":"error","message":"ROUTE: /api/docs/swagger-ui-bundle.js - METHOD: GET"}
{"level":"error","message":"ROUTE: /api/docs/swagger-ui-standalone-preset.js - METHOD: GET"}
{"level":"error","message":"ROUTE: /api/docs/favicon-32x32.png - METHOD: GET"}
{"level":"error","message":"ROUTE: /api/docs/ - METHOD: GET"}
{"level":"error","message":"ROUTE: /api/docs/swagger-ui.css - METHOD: GET"}
{"level":"error","message":"ROUTE: /api/docs/swagger-ui-init.js - METHOD: GET"}
{"level":"error","message":"ROUTE: /api/docs/swagger-ui-bundle.js - METHOD: GET"}
{"level":"error","message":"ROUTE: /api/docs/swagger-ui-standalone-preset.js - METHOD: GET"}
{"level":"error","message":"ROUTE: /api/docs/favicon-32x32.png - METHOD: GET"}
{"level":"error","message":"ROUTE: /api/docs/favicon-32x32.png - METHOD: GET"}
{"level":"error","message":"ROUTE: /api/docs/ - METHOD: GET"}
{"level":"error","message":"ROUTE: /api/docs/swagger-ui.css - METHOD: GET"}
{"level":"error","message":"ROUTE: /api/docs/swagger-ui-init.js - METHOD: GET"}
{"level":"error","message":"ROUTE: /api/docs/swagger-ui-standalone-preset.js - METHOD: GET"}
{"level":"error","message":"ROUTE: /api/docs/swagger-ui-bundle.js - METHOD: GET"}
{"level":"error","message":"ROUTE: /api/docs/favicon-32x32.png - METHOD: GET"}
{"level":"error","message":"ROUTE: /api/docs/ - METHOD: GET"}
{"level":"error","message":"ROUTE: /api/docs/swagger-ui.css - METHOD: GET"}
{"level":"error","message":"ROUTE: /api/docs/swagger-ui-init.js - METHOD: GET"}
{"level":"error","message":"ROUTE: /api/docs/swagger-ui-standalone-preset.js - METHOD: GET"}
{"level":"error","message":"ROUTE: /api/docs/swagger-ui-bundle.js - METHOD: GET"}
{"level":"error","message":"ROUTE: /api/docs/favicon-32x32.png - METHOD: GET"}
{"level":"error","message":"ROUTE: /api/docs/favicon-32x32.png - METHOD: GET"}
{"level":"error","message":"ROUTE: /api/docs/ - METHOD: GET"}
{"level":"error","message":"ROUTE: /api/docs/swagger-ui.css - METHOD: GET"}
{"level":"error","message":"ROUTE: /api/docs/swagger-ui-init.js - METHOD: GET"}
{"level":"error","message":"ROUTE: /api/docs/swagger-ui-bundle.js - METHOD: GET"}
{"level":"error","message":"ROUTE: /api/docs/swagger-ui-standalone-preset.js - METHOD: GET"}
{"level":"error","message":"ROUTE: /api/docs/favicon-32x32.png - METHOD: GET"}
{"level":"error","message":"ROUTE: /api/docs/ - METHOD: GET"}
{"level":"error","message":"ROUTE: /api/docs/swagger-ui-bundle.js - METHOD: GET"}
{"level":"error","message":"ROUTE: /api/docs/swagger-ui-init.js - METHOD: GET"}
{"level":"error","message":"ROUTE: /api/docs/swagger-ui-standalone-preset.js - METHOD: GET"}
{"level":"error","message":"ROUTE: /api/docs/swagger-ui.css - METHOD: GET"}
{"level":"error","message":"ROUTE: /api/docs/favicon-32x32.png - METHOD: GET"}
{"level":"error","message":"ROUTE: /api/docs/ - METHOD: GET"}
{"level":"error","message":"ROUTE: /api/docs/swagger-ui-standalone-preset.js - METHOD: GET"}
{"level":"error","message":"ROUTE: /api/docs/swagger-ui.css - METHOD: GET"}
{"level":"error","message":"ROUTE: /api/docs/swagger-ui-bundle.js - METHOD: GET"}
{"level":"error","message":"ROUTE: /api/docs/swagger-ui-init.js - METHOD: GET"}
{"level":"error","message":"ROUTE: /api/docs/favicon-32x32.png - METHOD: GET"}
{"level":"error","message":"ROUTE: /api/docs/favicon-32x32.png - METHOD: GET"}
{"level":"error","message":"ROUTE: /api/docs/ - METHOD: GET"}
{"level":"error","message":"ROUTE: /api/docs/swagger-ui.css - METHOD: GET"}
{"level":"error","message":"ROUTE: /api/docs/swagger-ui-init.js - METHOD: GET"}
{"level":"error","message":"ROUTE: /api/docs/swagger-ui-bundle.js - METHOD: GET"}
{"level":"error","message":"ROUTE: /api/docs/swagger-ui-standalone-preset.js - METHOD: GET"}
{"level":"error","message":"ROUTE: /api/docs/favicon-32x32.png - METHOD: GET"}
{"level":"error","message":"ROUTE: /api/docs/ - METHOD: GET"}
{"level":"error","message":"ROUTE: /api/docs/swagger-ui.css - METHOD: GET"}
{"level":"error","message":"ROUTE: /api/docs/swagger-ui-init.js - METHOD: GET"}
{"level":"error","message":"ROUTE: /api/docs/swagger-ui-bundle.js - METHOD: GET"}
{"level":"error","message":"ROUTE: /api/docs/swagger-ui-standalone-preset.js - METHOD: GET"}
{"level":"error","message":"ROUTE: /api/docs/favicon-32x32.png - METHOD: GET"}
{"level":"error","message":"ROUTE: /api/docs/ - METHOD: GET"}
{"level":"error","message":"ROUTE: /api/docs/swagger-ui.css - METHOD: GET"}
{"level":"error","message":"ROUTE: /api/docs/swagger-ui-init.js - METHOD: GET"}
{"level":"error","message":"ROUTE: /api/docs/ - METHOD: GET"}
{"level":"error","message":"ROUTE: /api/docs/swagger-ui-bundle.js - METHOD: GET"}
{"level":"error","message":"ROUTE: /api/docs/swagger-ui-standalone-preset.js - METHOD: GET"}
{"level":"error","message":"ROUTE: /api/docs/swagger-ui.css - METHOD: GET"}
{"level":"error","message":"ROUTE: /api/docs/swagger-ui-init.js - METHOD: GET"}
{"level":"error","message":"ROUTE: /api/docs/swagger-ui-bundle.js - METHOD: GET"}
{"level":"error","message":"ROUTE: /api/docs/swagger-ui-standalone-preset.js - METHOD: GET"}
{"level":"error","message":"ROUTE: /api/docs/favicon-32x32.png - METHOD: GET"}
{"level":"error","message":"ROUTE: /api/docs/favicon-32x32.png - METHOD: GET"}
{"level":"error","message":"ROUTE: /api/docs/ - METHOD: GET"}
{"level":"error","message":"ROUTE: /api/docs/swagger-ui.css - METHOD: GET"}
{"level":"error","message":"ROUTE: /api/docs/swagger-ui-bundle.js - METHOD: GET"}
{"level":"error","message":"ROUTE: /api/docs/swagger-ui-standalone-preset.js - METHOD: GET"}
{"level":"error","message":"ROUTE: /api/docs/swagger-ui-init.js - METHOD: GET"}
{"level":"error","message":"ROUTE: /api/docs/favicon-32x32.png - METHOD: GET"}
{"level":"error","message":"ROUTE: /api/docs/favicon-32x32.png - METHOD: GET"}
{"level":"error","message":"ROUTE: /api/docs/ - METHOD: GET"}
{"level":"error","message":"ROUTE: /api/docs/swagger-ui-bundle.js - METHOD: GET"}
{"level":"error","message":"ROUTE: /api/docs/swagger-ui-init.js - METHOD: GET"}
{"level":"error","message":"ROUTE: /api/docs/swagger-ui.css - METHOD: GET"}
{"level":"error","message":"ROUTE: /api/docs/swagger-ui-standalone-preset.js - METHOD: GET"}
{"level":"error","message":"ROUTE: /api/docs/favicon-32x32.png - METHOD: GET"}
{"level":"error","message":"ROUTE: /api/docs/favicon-32x32.png - METHOD: GET"}
{"level":"error","message":"ROUTE: /api/docs/ - METHOD: GET"}
{"level":"error","message":"ROUTE: /api/docs/swagger-ui.css - METHOD: GET"}
{"level":"error","message":"ROUTE: /api/docs/swagger-ui-init.js - METHOD: GET"}
{"level":"error","message":"ROUTE: /api/docs/swagger-ui-bundle.js - METHOD: GET"}
{"level":"error","message":"ROUTE: /api/docs/swagger-ui-standalone-preset.js - METHOD: GET"}
{"level":"error","message":"ROUTE: /api/docs/favicon-32x32.png - METHOD: GET"}
{"level":"error","message":"ROUTE: /api/docs/favicon-32x32.png - METHOD: GET"}
{"level":"error","message":"ROUTE: /api/docs/ - METHOD: GET"}
{"level":"error","message":"ROUTE: /api/docs/swagger-ui.css - METHOD: GET"}
{"level":"error","message":"ROUTE: /api/docs/swagger-ui-init.js - METHOD: GET"}
{"level":"error","message":"ROUTE: /api/docs/swagger-ui-standalone-preset.js - METHOD: GET"}
{"level":"error","message":"ROUTE: /api/docs/swagger-ui-bundle.js - METHOD: GET"}
{"level":"error","message":"ROUTE: /api/docs/favicon-32x32.png - METHOD: GET"}
{"level":"error","message":"ROUTE: /api/docs/favicon-32x32.png - METHOD: GET"}
{"level":"error","message":"ROUTE: /api/docs/ - METHOD: GET"}
{"level":"error","message":"ROUTE: /api/docs/swagger-ui.css - METHOD: GET"}
{"level":"error","message":"ROUTE: /api/docs/swagger-ui-init.js - METHOD: GET"}
{"level":"error","message":"ROUTE: /api/docs/swagger-ui-bundle.js - METHOD: GET"}
{"level":"error","message":"ROUTE: /api/docs/swagger-ui-standalone-preset.js - METHOD: GET"}
{"level":"error","message":"ROUTE: /api/docs/favicon-32x32.png - METHOD: GET"}
{"level":"error","message":"ROUTE: /api/docs/ - METHOD: GET"}
{"level":"error","message":"ROUTE: /api/docs/swagger-ui.css - METHOD: GET"}
{"level":"error","message":"ROUTE: /api/docs/swagger-ui-init.js - METHOD: GET"}
{"level":"error","message":"ROUTE: /api/docs/swagger-ui-bundle.js - METHOD: GET"}
{"level":"error","message":"ROUTE: /api/docs/swagger-ui-standalone-preset.js - METHOD: GET"}
{"level":"error","message":"ROUTE: /api/docs/favicon-32x32.png - METHOD: GET"}
{"level":"error","message":"ROUTE: /favicon.ico - METHOD: GET"}
